<?xml version="1.0" encoding="UTF-8"?>
<!-- Generated by org.testng.reporters.JUnitXMLReporter -->
<testsuite ignored="0" hostname="LAPTOP-2QH6SATF" failures="0" tests="4" name="Test" time="62.104" errors="0" timestamp="2022-06-12T21:53:35 IST">
  <testcase classname="com.qa.testLayer.TradingTest" name="SellSharesOfAxis" time="8.845"/>
  <testcase classname="com.qa.testLayer.TradingTest" name="SellSharesOfSbi" time="8.826"/>
  <testcase classname="com.qa.testLayer.TradingTest" name="buySharesOfAxis" time="8.797"/>
  <testcase classname="com.qa.testLayer.TradingTest" name="buySharesOfSBI" time="8.843"/>
</testsuite> <!-- Test -->
