<?xml version="1.0" encoding="UTF-8"?>
<!-- Generated by org.testng.reporters.JUnitXMLReporter -->
<testsuite ignored="0" hostname="DESKTOP-PR9MCUS" failures="0" tests="4" name="Test" time="37.11" errors="0" timestamp="2022-06-13T22:00:28 IST">
  <testcase classname="com.qa.testbase.TestBase" name="@BeforeMethod setUp" time="36.884">
    <failure type="java.lang.NoSuchMethodError" message="&amp;apos;org.openqa.selenium.WebDriver$Timeouts org.openqa.selenium.WebDriver$Timeouts.implicitlyWait(java.time.Duration)&amp;apos;">
      <![CDATA[java.lang.NoSuchMethodError: 'org.openqa.selenium.WebDriver$Timeouts org.openqa.selenium.WebDriver$Timeouts.implicitlyWait(java.time.Duration)'
at com.qa.testbase.TestBase.setUp(TestBase.java:77)
at java.base/java.util.ArrayList.forEach(ArrayList.java:1511)
... Removed 31 stack frames]]>
    </failure>
  </testcase> <!-- @BeforeMethod setUp -->
  <testcase classname="com.qa.testbase.TestBase" name="@AfterMethod tearDown" time="-1.655137828272E9">
    <skipped/>
  </testcase> <!-- @AfterMethod tearDown -->
  <testcase classname="com.qa.testbase.TestBase" name="@BeforeMethod setUp" time="-1.655137828279E9">
    <skipped/>
  </testcase> <!-- @BeforeMethod setUp -->
  <testcase classname="com.qa.testbase.TestBase" name="@AfterMethod tearDown" time="-1.655137828303E9">
    <skipped/>
  </testcase> <!-- @AfterMethod tearDown -->
  <testcase classname="com.qa.testbase.TestBase" name="@BeforeMethod setUp" time="-1.655137828308E9">
    <skipped/>
  </testcase> <!-- @BeforeMethod setUp -->
  <testcase classname="com.qa.testbase.TestBase" name="@AfterMethod tearDown" time="-1.655137828317E9">
    <skipped/>
  </testcase> <!-- @AfterMethod tearDown -->
  <testcase classname="com.qa.testbase.TestBase" name="@BeforeMethod setUp" time="-1.655137828322E9">
    <skipped/>
  </testcase> <!-- @BeforeMethod setUp -->
  <testcase classname="com.qa.testbase.TestBase" name="@AfterMethod tearDown" time="-1.655137828332E9">
    <skipped/>
  </testcase> <!-- @AfterMethod tearDown -->
  <testcase classname="com.qa.testbase.TestBase" name="@AfterClass end" time="-1.655137828334E9">
    <skipped/>
  </testcase> <!-- @AfterClass end -->
  <testcase classname="com.qa.testLayer.TradingTest" name="SellSharesOfAxis" time="0.0">
    <skipped/>
  </testcase> <!-- SellSharesOfAxis -->
  <testcase classname="com.qa.testLayer.TradingTest" name="SellSharesOfSbi" time="0.0">
    <skipped/>
  </testcase> <!-- SellSharesOfSbi -->
  <testcase classname="com.qa.testLayer.TradingTest" name="buySharesOfAxis" time="0.0">
    <skipped/>
  </testcase> <!-- buySharesOfAxis -->
  <testcase classname="com.qa.testLayer.TradingTest" name="buySharesOfSBI" time="0.0">
    <skipped/>
  </testcase> <!-- buySharesOfSBI -->
</testsuite> <!-- Test -->
